c:\vs projects\taren\taren\debug\vc120.pdb
c:\vs projects\taren\taren\debug\vc120.idb
c:\vs projects\taren\taren\debug\application.obj
c:\vs projects\taren\taren\debug\audio.obj
c:\vs projects\taren\taren\debug\bullet.obj
c:\vs projects\taren\taren\debug\camera.obj
c:\vs projects\taren\taren\debug\collision.obj
c:\vs projects\taren\taren\debug\eventhandler.obj
c:\vs projects\taren\taren\debug\game.obj
c:\vs projects\taren\taren\debug\gameobject.obj
c:\vs projects\taren\taren\debug\helpers.obj
c:\vs projects\taren\taren\debug\input.obj
c:\vs projects\taren\taren\debug\main.obj
c:\vs projects\taren\taren\debug\player.obj
c:\vs projects\taren\taren\debug\repeatrenderer.obj
c:\vs projects\taren\taren\debug\resources.obj
c:\vs projects\taren\taren\debug\renderer.obj
c:\vs projects\taren\taren\debug\spritesheet.obj
c:\vs projects\taren\taren\debug\vector2.obj
c:\vs projects\taren\taren\debug\wall.obj
c:\vs projects\taren\debug\taren.ilk
c:\vs projects\taren\debug\taren.exe
c:\vs projects\taren\debug\taren.pdb
c:\vs projects\taren\taren\debug\taren.tlog\cl.command.1.tlog
c:\vs projects\taren\taren\debug\taren.tlog\cl.read.1.tlog
c:\vs projects\taren\taren\debug\taren.tlog\cl.write.1.tlog
c:\vs projects\taren\taren\debug\taren.tlog\link.command.1.tlog
c:\vs projects\taren\taren\debug\taren.tlog\link.read.1.tlog
c:\vs projects\taren\taren\debug\taren.tlog\link.write.1.tlog
